<?xml version="1.0" encoding="UTF-8"?>
<!-- Generated by org.testng.reporters.JUnitXMLReporter -->
<testsuite hostname="DESKTOP-8HC3KF0" name="Test" tests="10" failures="0" timestamp="26 Sep 2021 15:40:38 GMT" time="96.485" errors="0">
  <testcase name="runScenario" time="24.355" classname="com.urbanladder.runner.runner"/>
  <testcase name="runScenario" time="5.473" classname="com.urbanladder.runner.runner"/>
  <testcase name="runScenario" time="10.46" classname="com.urbanladder.runner.runner"/>
  <testcase name="runScenario" time="8.459" classname="com.urbanladder.runner.runner"/>
  <testcase name="runScenario" time="8.721" classname="com.urbanladder.runner.runner"/>
  <testcase name="runScenario" time="8.481" classname="com.urbanladder.runner.runner"/>
  <testcase name="runScenario" time="8.33" classname="com.urbanladder.runner.runner"/>
  <testcase name="runScenario" time="8.256" classname="com.urbanladder.runner.runner"/>
  <testcase name="runScenario" time="9.942" classname="com.urbanladder.runner.runner"/>
  <testcase name="runScenario" time="2.988" classname="com.urbanladder.runner.runner"/>
</testsuite> <!-- Test -->
