<?xml version="1.0" encoding="UTF-8"?>
<testng-results skipped="0" failed="0" total="10" passed="10">
  <reporter-output>
  </reporter-output>
  <suite name="Suite" duration-ms="96485" started-at="2021-09-26T15:39:02Z" finished-at="2021-09-26T15:40:38Z">
    <groups>
      <group name="cucumber">
        <method signature="AbstractTestNGCucumberTests.runScenario(io.cucumber.testng.PickleWrapper, io.cucumber.testng.FeatureWrapper)[pri:0, instance:com.urbanladder.runner.runner@3d51f06e]" name="runScenario" class="io.cucumber.testng.AbstractTestNGCucumberTests"/>
      </group> <!-- cucumber -->
    </groups>
    <test name="Test" duration-ms="96485" started-at="2021-09-26T15:39:02Z" finished-at="2021-09-26T15:40:38Z">
      <class name="com.urbanladder.runner.runner">
        <test-method status="PASS" signature="setUpClass()[pri:0, instance:com.urbanladder.runner.runner@3d51f06e]" name="setUpClass" is-config="true" duration-ms="634" started-at="2021-09-26T21:09:02Z" finished-at="2021-09-26T21:09:02Z">
          <reporter-output>
          </reporter-output>
        </test-method> <!-- setUpClass -->
        <test-method status="PASS" signature="runScenario(io.cucumber.testng.PickleWrapper, io.cucumber.testng.FeatureWrapper)[pri:0, instance:com.urbanladder.runner.runner@3d51f06e]" name="runScenario" duration-ms="24355" started-at="2021-09-26T21:09:02Z" description="Runs Cucumber Scenarios" data-provider="scenarios" finished-at="2021-09-26T21:09:27Z">
          <params>
            <param index="0">
              <value>
                <![CDATA["Home page default login"]]>
              </value>
            </param>
            <param index="1">
              <value>
                <![CDATA["Optional[Urban Ladder]"]]>
              </value>
            </param>
          </params>
          <reporter-output>
          </reporter-output>
        </test-method> <!-- runScenario -->
        <test-method status="PASS" signature="runScenario(io.cucumber.testng.PickleWrapper, io.cucumber.testng.FeatureWrapper)[pri:0, instance:com.urbanladder.runner.runner@3d51f06e]" name="runScenario" duration-ms="5473" started-at="2021-09-26T21:09:27Z" description="Runs Cucumber Scenarios" data-provider="scenarios" finished-at="2021-09-26T21:09:32Z">
          <params>
            <param index="0">
              <value>
                <![CDATA["searching"]]>
              </value>
            </param>
            <param index="1">
              <value>
                <![CDATA["Optional[Urban Ladder]"]]>
              </value>
            </param>
          </params>
          <reporter-output>
          </reporter-output>
        </test-method> <!-- runScenario -->
        <test-method status="PASS" signature="runScenario(io.cucumber.testng.PickleWrapper, io.cucumber.testng.FeatureWrapper)[pri:0, instance:com.urbanladder.runner.runner@3d51f06e]" name="runScenario" duration-ms="10460" started-at="2021-09-26T21:09:32Z" description="Runs Cucumber Scenarios" data-provider="scenarios" finished-at="2021-09-26T21:09:43Z">
          <params>
            <param index="0">
              <value>
                <![CDATA["sale"]]>
              </value>
            </param>
            <param index="1">
              <value>
                <![CDATA["Optional[Urban Ladder]"]]>
              </value>
            </param>
          </params>
          <reporter-output>
          </reporter-output>
        </test-method> <!-- runScenario -->
        <test-method status="PASS" signature="runScenario(io.cucumber.testng.PickleWrapper, io.cucumber.testng.FeatureWrapper)[pri:0, instance:com.urbanladder.runner.runner@3d51f06e]" name="runScenario" duration-ms="8459" started-at="2021-09-26T21:09:43Z" description="Runs Cucumber Scenarios" data-provider="scenarios" finished-at="2021-09-26T21:09:51Z">
          <params>
            <param index="0">
              <value>
                <![CDATA["living"]]>
              </value>
            </param>
            <param index="1">
              <value>
                <![CDATA["Optional[Urban Ladder]"]]>
              </value>
            </param>
          </params>
          <reporter-output>
          </reporter-output>
        </test-method> <!-- runScenario -->
        <test-method status="PASS" signature="runScenario(io.cucumber.testng.PickleWrapper, io.cucumber.testng.FeatureWrapper)[pri:0, instance:com.urbanladder.runner.runner@3d51f06e]" name="runScenario" duration-ms="8721" started-at="2021-09-26T21:09:51Z" description="Runs Cucumber Scenarios" data-provider="scenarios" finished-at="2021-09-26T21:10:00Z">
          <params>
            <param index="0">
              <value>
                <![CDATA["bedroom"]]>
              </value>
            </param>
            <param index="1">
              <value>
                <![CDATA["Optional[Urban Ladder]"]]>
              </value>
            </param>
          </params>
          <reporter-output>
          </reporter-output>
        </test-method> <!-- runScenario -->
        <test-method status="PASS" signature="runScenario(io.cucumber.testng.PickleWrapper, io.cucumber.testng.FeatureWrapper)[pri:0, instance:com.urbanladder.runner.runner@3d51f06e]" name="runScenario" duration-ms="8481" started-at="2021-09-26T21:10:00Z" description="Runs Cucumber Scenarios" data-provider="scenarios" finished-at="2021-09-26T21:10:08Z">
          <params>
            <param index="0">
              <value>
                <![CDATA["storage"]]>
              </value>
            </param>
            <param index="1">
              <value>
                <![CDATA["Optional[Urban Ladder]"]]>
              </value>
            </param>
          </params>
          <reporter-output>
          </reporter-output>
        </test-method> <!-- runScenario -->
        <test-method status="PASS" signature="runScenario(io.cucumber.testng.PickleWrapper, io.cucumber.testng.FeatureWrapper)[pri:0, instance:com.urbanladder.runner.runner@3d51f06e]" name="runScenario" duration-ms="8330" started-at="2021-09-26T21:10:08Z" description="Runs Cucumber Scenarios" data-provider="scenarios" finished-at="2021-09-26T21:10:17Z">
          <params>
            <param index="0">
              <value>
                <![CDATA["study"]]>
              </value>
            </param>
            <param index="1">
              <value>
                <![CDATA["Optional[Urban Ladder]"]]>
              </value>
            </param>
          </params>
          <reporter-output>
          </reporter-output>
        </test-method> <!-- runScenario -->
        <test-method status="PASS" signature="runScenario(io.cucumber.testng.PickleWrapper, io.cucumber.testng.FeatureWrapper)[pri:0, instance:com.urbanladder.runner.runner@3d51f06e]" name="runScenario" duration-ms="8256" started-at="2021-09-26T21:10:17Z" description="Runs Cucumber Scenarios" data-provider="scenarios" finished-at="2021-09-26T21:10:25Z">
          <params>
            <param index="0">
              <value>
                <![CDATA["kids room"]]>
              </value>
            </param>
            <param index="1">
              <value>
                <![CDATA["Optional[Urban Ladder]"]]>
              </value>
            </param>
          </params>
          <reporter-output>
          </reporter-output>
        </test-method> <!-- runScenario -->
        <test-method status="PASS" signature="runScenario(io.cucumber.testng.PickleWrapper, io.cucumber.testng.FeatureWrapper)[pri:0, instance:com.urbanladder.runner.runner@3d51f06e]" name="runScenario" duration-ms="9942" started-at="2021-09-26T21:10:25Z" description="Runs Cucumber Scenarios" data-provider="scenarios" finished-at="2021-09-26T21:10:35Z">
          <params>
            <param index="0">
              <value>
                <![CDATA["gift cards"]]>
              </value>
            </param>
            <param index="1">
              <value>
                <![CDATA["Optional[Urban Ladder]"]]>
              </value>
            </param>
          </params>
          <reporter-output>
          </reporter-output>
        </test-method> <!-- runScenario -->
        <test-method status="PASS" signature="runScenario(io.cucumber.testng.PickleWrapper, io.cucumber.testng.FeatureWrapper)[pri:0, instance:com.urbanladder.runner.runner@3d51f06e]" name="runScenario" duration-ms="2988" started-at="2021-09-26T21:10:35Z" description="Runs Cucumber Scenarios" data-provider="scenarios" finished-at="2021-09-26T21:10:38Z">
          <params>
            <param index="0">
              <value>
                <![CDATA["bulk orders"]]>
              </value>
            </param>
            <param index="1">
              <value>
                <![CDATA["Optional[Urban Ladder]"]]>
              </value>
            </param>
          </params>
          <reporter-output>
          </reporter-output>
        </test-method> <!-- runScenario -->
        <test-method status="PASS" signature="tearDownClass()[pri:0, instance:com.urbanladder.runner.runner@3d51f06e]" name="tearDownClass" is-config="true" duration-ms="346" started-at="2021-09-26T21:10:38Z" finished-at="2021-09-26T21:10:38Z">
          <reporter-output>
          </reporter-output>
        </test-method> <!-- tearDownClass -->
      </class> <!-- com.urbanladder.runner.runner -->
    </test> <!-- Test -->
  </suite> <!-- Suite -->
</testng-results>
