<?xml version="1.0" encoding="UTF-8"?>
<testng-results ignored="0" total="2" passed="2" failed="0" skipped="0">
  <reporter-output>
  </reporter-output>
  <suite started-at="2021-09-27T14:09:28 IST" name="Default suite" finished-at="2021-09-27T14:09:46 IST" duration-ms="17874">
    <groups>
    </groups>
    <test started-at="2021-09-27T14:09:28 IST" name="Default test" finished-at="2021-09-27T14:09:46 IST" duration-ms="17874">
      <class name="Runner.Runner">
        <test-method is-config="true" signature="set()[pri:0, instance:Runner.Runner@3a4ba480]" started-at="2021-09-27T14:09:28 IST" name="set" finished-at="2021-09-27T14:09:28 IST" duration-ms="338" status="PASS">
          <reporter-output>
          </reporter-output>
        </test-method> <!-- set -->
        <test-method is-config="true" signature="startbrowser()[pri:0, instance:Runner.Runner@3a4ba480]" started-at="2021-09-27T14:09:28 IST" name="startbrowser" finished-at="2021-09-27T14:09:33 IST" duration-ms="4189" status="PASS">
          <reporter-output>
          </reporter-output>
        </test-method> <!-- startbrowser -->
        <test-method signature="giftcards()[pri:0, instance:Runner.Runner@3a4ba480]" started-at="2021-09-27T14:09:33 IST" name="giftcards" finished-at="2021-09-27T14:09:42 IST" duration-ms="9046" status="PASS">
          <reporter-output>
          </reporter-output>
        </test-method> <!-- giftcards -->
        <test-method signature="bulkorder()[pri:1, instance:Runner.Runner@3a4ba480]" started-at="2021-09-27T14:09:42 IST" name="bulkorder" finished-at="2021-09-27T14:09:46 IST" duration-ms="3893" status="PASS">
          <reporter-output>
          </reporter-output>
        </test-method> <!-- bulkorder -->
        <test-method is-config="true" signature="close()[pri:0, instance:Runner.Runner@3a4ba480]" started-at="2021-09-27T14:09:46 IST" name="close" finished-at="2021-09-27T14:09:46 IST" duration-ms="503" status="PASS">
          <reporter-output>
          </reporter-output>
        </test-method> <!-- close -->
        <test-method is-config="true" signature="endSuite()[pri:0, instance:Runner.Runner@3a4ba480]" started-at="2021-09-27T14:09:46 IST" name="endSuite" finished-at="2021-09-27T14:09:46 IST" duration-ms="2" status="PASS">
          <reporter-output>
          </reporter-output>
        </test-method> <!-- endSuite -->
      </class> <!-- Runner.Runner -->
    </test> <!-- Default test -->
  </suite> <!-- Default suite -->
</testng-results>
