<?xml version="1.0" encoding="UTF-8"?>
<!-- Generated by org.testng.reporters.JUnitXMLReporter -->
<testsuite ignored="0" hostname="DESKTOP-VRKMISK" failures="0" tests="15" name="Test" time="93.671" errors="0" timestamp="2021-09-25T17:38:22 IST">
  <testcase classname="Runner.Runner" name="login" time="9.818"/>
  <testcase classname="Runner.Runner" name="check_sale" time="4.647"/>
  <testcase classname="Runner.Runner" name="check_living" time="3.094"/>
  <testcase classname="Runner.Runner" name="check_bedroom" time="2.358"/>
  <testcase classname="Runner.Runner" name="check_dining" time="3.079"/>
  <testcase classname="Runner.Runner" name="check_storage" time="4.524"/>
  <testcase classname="Runner.Runner" name="check_study" time="4.975"/>
  <testcase classname="Runner.Runner" name="check_kidsroom" time="3.524"/>
  <testcase classname="Runner.Runner" name="mattress" time="3.862"/>
  <testcase classname="Runner.Runner" name="decor" time="2.22"/>
  <testcase classname="Runner.Runner" name="collection" time="4.595"/>
  <testcase classname="Runner.Runner" name="searchitem" time="9.08"/>
  <testcase classname="Runner.Runner" name="searchitem" time="9.987"/>
  <testcase classname="Runner.Runner" name="searchitem" time="6.308"/>
  <testcase classname="Runner.Runner" name="searchitem" time="6.939"/>
</testsuite> <!-- Test -->
